<?xml version="1.0" encoding="UTF-8"?>
<testsuite name="com.mycompany.vertx_micro_services.integration.python.PythonIntegrationTests" time="17.771" tests="5" errors="0" skipped="0" failures="0">
  <properties>
[...]
</properties>
  <testcase name="src\test\resources\integration_tests\python|basic_integration_test.py|test_http" classname="com.mycompany.vertx_micro_services.integration.python.PythonIntegrationTests" time="14.284"/>
  <testcase name="src\test\resources\integration_tests\python|basic_integration_test.py|test_deploy_arbitrary_verticle" classname="com.mycompany.vertx_micro_services.integration.python.PythonIntegrationTests" time="0.635"/>
  <testcase name="src\test\resources\integration_tests\python|basic_integration_test.py|test_complete_on_timer" classname="com.mycompany.vertx_micro_services.integration.python.PythonIntegrationTests" time="1.683"/>
  <testcase name="src\test\resources\integration_tests\python|module_integration_test.py|test_ping" classname="com.mycompany.vertx_micro_services.integration.python.PythonIntegrationTests" time="0.634"/>
  <testcase name="src\test\resources\integration_tests\python|module_integration_test.py|test_something_else" classname="com.mycompany.vertx_micro_services.integration.python.PythonIntegrationTests" time="0.535"/>
</testsuite>